<?xml version="1.0" encoding="UTF-8"?>
<!-- Generated by org.testng.reporters.JUnitReportReporter -->
<testsuite skipped="0" hostname="WLW7-NAGARAJK" name="com.crm.qa.testcases.ContactsPageTest" tests="6" failures="0" timestamp="30 Jun 2018 16:16:04 GMT" time="216.312" errors="0">
  <testcase name="createNewContactTest" time="36.771" classname="com.crm.qa.testcases.ContactsPageTest"/>
  <testcase name="verifyContactsLabelTest" time="34.644" classname="com.crm.qa.testcases.ContactsPageTest"/>
  <testcase name="createNewContactTest" time="35.077" classname="com.crm.qa.testcases.ContactsPageTest"/>
  <testcase name="createNewContactTest" time="37.241" classname="com.crm.qa.testcases.ContactsPageTest"/>
  <testcase name="selectSingleContactByNameTest" time="36.938" classname="com.crm.qa.testcases.ContactsPageTest"/>
  <testcase name="selectmultipleContactByNameTest" time="35.641" classname="com.crm.qa.testcases.ContactsPageTest"/>
</testsuite> <!-- com.crm.qa.testcases.ContactsPageTest -->
