<?xml version="1.0" encoding="UTF-8"?>
<!-- Generated by org.testng.reporters.JUnitReportReporter -->
<testsuite skipped="0" hostname="WLW7-NAGARAJK" name="com.crm.qa.testcases.LoginPageTest" tests="1" failures="0" timestamp="02 Jul 2018 09:49:53 GMT" time="15.605" errors="0">
  <testcase name="loginPageTitleTest" time="15.605" classname="com.crm.qa.testcases.LoginPageTest"/>
</testsuite> <!-- com.crm.qa.testcases.LoginPageTest -->
