<?xml version="1.0" encoding="UTF-8"?>
<!-- Generated by org.testng.reporters.JUnitReportReporter -->
<testsuite skipped="0" hostname="WLW7-NAGARAJK" name="com.crm.qa.testcases.LoginPageTest" tests="3" failures="0" timestamp="02 Jul 2018 06:52:19 GMT" time="69.520" errors="0">
  <testcase name="loginPageTitleTest" time="15.926" classname="com.crm.qa.testcases.LoginPageTest"/>
  <testcase name="loginPageCRMLogoTest" time="16.175" classname="com.crm.qa.testcases.LoginPageTest"/>
  <testcase name="loginTest" time="37.419" classname="com.crm.qa.testcases.LoginPageTest"/>
</testsuite> <!-- com.crm.qa.testcases.LoginPageTest -->
