<?xml version="1.0" encoding="UTF-8"?>
<!-- Generated by org.testng.reporters.JUnitReportReporter -->
<testsuite skipped="0" hostname="WLW7-NAGARAJK" name="com.crm.qa.testcases.HomePageTest" tests="3" failures="0" timestamp="02 Jul 2018 06:52:19 GMT" time="102.602" errors="0">
  <testcase name="verifyHomePageTitleTest" time="36.355" classname="com.crm.qa.testcases.HomePageTest"/>
  <testcase name="verifyUsernameTest" time="33.129" classname="com.crm.qa.testcases.HomePageTest"/>
  <testcase name="verifyContactsLinkTest" time="33.118" classname="com.crm.qa.testcases.HomePageTest"/>
</testsuite> <!-- com.crm.qa.testcases.HomePageTest -->
